Linked: (/home/medina/ros_introduction/devel/.private/ros_unity_robotics/include/ros_unity_robotics/Joints_Unity_Robot.h, /home/medina/ros_introduction/devel/include/ros_unity_robotics/Joints_Unity_Robot.h)
Linked: (/home/medina/ros_introduction/devel/.private/ros_unity_robotics/include/ros_unity_robotics/SetColorResponse.h, /home/medina/ros_introduction/devel/include/ros_unity_robotics/SetColorResponse.h)
Linked: (/home/medina/ros_introduction/devel/.private/ros_unity_robotics/include/ros_unity_robotics/SetColorRequest.h, /home/medina/ros_introduction/devel/include/ros_unity_robotics/SetColorRequest.h)
Linked: (/home/medina/ros_introduction/devel/.private/ros_unity_robotics/include/ros_unity_robotics/Trajectory_Planner_Robot.h, /home/medina/ros_introduction/devel/include/ros_unity_robotics/Trajectory_Planner_Robot.h)
Linked: (/home/medina/ros_introduction/devel/.private/ros_unity_robotics/include/ros_unity_robotics/Joints_State_PandaRequest.h, /home/medina/ros_introduction/devel/include/ros_unity_robotics/Joints_State_PandaRequest.h)
Linked: (/home/medina/ros_introduction/devel/.private/ros_unity_robotics/include/ros_unity_robotics/Joints_State_PandaResponse.h, /home/medina/ros_introduction/devel/include/ros_unity_robotics/Joints_State_PandaResponse.h)
Linked: (/home/medina/ros_introduction/devel/.private/ros_unity_robotics/include/ros_unity_robotics/Color_Object.h, /home/medina/ros_introduction/devel/include/ros_unity_robotics/Color_Object.h)
Linked: (/home/medina/ros_introduction/devel/.private/ros_unity_robotics/include/ros_unity_robotics/Joints_State_Panda.h, /home/medina/ros_introduction/devel/include/ros_unity_robotics/Joints_State_Panda.h)
Linked: (/home/medina/ros_introduction/devel/.private/ros_unity_robotics/include/ros_unity_robotics/Robot_Joints.h, /home/medina/ros_introduction/devel/include/ros_unity_robotics/Robot_Joints.h)
Linked: (/home/medina/ros_introduction/devel/.private/ros_unity_robotics/include/ros_unity_robotics/trajectory_planner.h, /home/medina/ros_introduction/devel/include/ros_unity_robotics/trajectory_planner.h)
Linked: (/home/medina/ros_introduction/devel/.private/ros_unity_robotics/include/ros_unity_robotics/Trajectory_Planner_RobotResponse.h, /home/medina/ros_introduction/devel/include/ros_unity_robotics/Trajectory_Planner_RobotResponse.h)
Linked: (/home/medina/ros_introduction/devel/.private/ros_unity_robotics/include/ros_unity_robotics/Trajectory_Planner_RobotRequest.h, /home/medina/ros_introduction/devel/include/ros_unity_robotics/Trajectory_Planner_RobotRequest.h)
Linked: (/home/medina/ros_introduction/devel/.private/ros_unity_robotics/include/ros_unity_robotics/trajectory_plannerResponse.h, /home/medina/ros_introduction/devel/include/ros_unity_robotics/trajectory_plannerResponse.h)
Linked: (/home/medina/ros_introduction/devel/.private/ros_unity_robotics/include/ros_unity_robotics/SetColor.h, /home/medina/ros_introduction/devel/include/ros_unity_robotics/SetColor.h)
Linked: (/home/medina/ros_introduction/devel/.private/ros_unity_robotics/include/ros_unity_robotics/trajectory_plannerRequest.h, /home/medina/ros_introduction/devel/include/ros_unity_robotics/trajectory_plannerRequest.h)
Linked: (/home/medina/ros_introduction/devel/.private/ros_unity_robotics/share/roseus/ros/ros_unity_robotics/manifest.l, /home/medina/ros_introduction/devel/share/roseus/ros/ros_unity_robotics/manifest.l)
Linked: (/home/medina/ros_introduction/devel/.private/ros_unity_robotics/share/roseus/ros/ros_unity_robotics/srv/Joints_State_Panda.l, /home/medina/ros_introduction/devel/share/roseus/ros/ros_unity_robotics/srv/Joints_State_Panda.l)
Linked: (/home/medina/ros_introduction/devel/.private/ros_unity_robotics/share/roseus/ros/ros_unity_robotics/srv/SetColor.l, /home/medina/ros_introduction/devel/share/roseus/ros/ros_unity_robotics/srv/SetColor.l)
Linked: (/home/medina/ros_introduction/devel/.private/ros_unity_robotics/share/roseus/ros/ros_unity_robotics/srv/trajectory_planner.l, /home/medina/ros_introduction/devel/share/roseus/ros/ros_unity_robotics/srv/trajectory_planner.l)
Linked: (/home/medina/ros_introduction/devel/.private/ros_unity_robotics/share/roseus/ros/ros_unity_robotics/srv/Trajectory_Planner_Robot.l, /home/medina/ros_introduction/devel/share/roseus/ros/ros_unity_robotics/srv/Trajectory_Planner_Robot.l)
Linked: (/home/medina/ros_introduction/devel/.private/ros_unity_robotics/share/roseus/ros/ros_unity_robotics/msg/Joints_Unity_Robot.l, /home/medina/ros_introduction/devel/share/roseus/ros/ros_unity_robotics/msg/Joints_Unity_Robot.l)
Linked: (/home/medina/ros_introduction/devel/.private/ros_unity_robotics/share/roseus/ros/ros_unity_robotics/msg/Color_Object.l, /home/medina/ros_introduction/devel/share/roseus/ros/ros_unity_robotics/msg/Color_Object.l)
Linked: (/home/medina/ros_introduction/devel/.private/ros_unity_robotics/share/roseus/ros/ros_unity_robotics/msg/Robot_Joints.l, /home/medina/ros_introduction/devel/share/roseus/ros/ros_unity_robotics/msg/Robot_Joints.l)
Linked: (/home/medina/ros_introduction/devel/.private/ros_unity_robotics/share/gennodejs/ros/ros_unity_robotics/_index.js, /home/medina/ros_introduction/devel/share/gennodejs/ros/ros_unity_robotics/_index.js)
Linked: (/home/medina/ros_introduction/devel/.private/ros_unity_robotics/share/gennodejs/ros/ros_unity_robotics/srv/Joints_State_Panda.js, /home/medina/ros_introduction/devel/share/gennodejs/ros/ros_unity_robotics/srv/Joints_State_Panda.js)
Linked: (/home/medina/ros_introduction/devel/.private/ros_unity_robotics/share/gennodejs/ros/ros_unity_robotics/srv/trajectory_planner.js, /home/medina/ros_introduction/devel/share/gennodejs/ros/ros_unity_robotics/srv/trajectory_planner.js)
Linked: (/home/medina/ros_introduction/devel/.private/ros_unity_robotics/share/gennodejs/ros/ros_unity_robotics/srv/SetColor.js, /home/medina/ros_introduction/devel/share/gennodejs/ros/ros_unity_robotics/srv/SetColor.js)
Linked: (/home/medina/ros_introduction/devel/.private/ros_unity_robotics/share/gennodejs/ros/ros_unity_robotics/srv/_index.js, /home/medina/ros_introduction/devel/share/gennodejs/ros/ros_unity_robotics/srv/_index.js)
Linked: (/home/medina/ros_introduction/devel/.private/ros_unity_robotics/share/gennodejs/ros/ros_unity_robotics/srv/Trajectory_Planner_Robot.js, /home/medina/ros_introduction/devel/share/gennodejs/ros/ros_unity_robotics/srv/Trajectory_Planner_Robot.js)
Linked: (/home/medina/ros_introduction/devel/.private/ros_unity_robotics/share/gennodejs/ros/ros_unity_robotics/msg/Joints_Unity_Robot.js, /home/medina/ros_introduction/devel/share/gennodejs/ros/ros_unity_robotics/msg/Joints_Unity_Robot.js)
Linked: (/home/medina/ros_introduction/devel/.private/ros_unity_robotics/share/gennodejs/ros/ros_unity_robotics/msg/Color_Object.js, /home/medina/ros_introduction/devel/share/gennodejs/ros/ros_unity_robotics/msg/Color_Object.js)
Linked: (/home/medina/ros_introduction/devel/.private/ros_unity_robotics/share/gennodejs/ros/ros_unity_robotics/msg/Robot_Joints.js, /home/medina/ros_introduction/devel/share/gennodejs/ros/ros_unity_robotics/msg/Robot_Joints.js)
Linked: (/home/medina/ros_introduction/devel/.private/ros_unity_robotics/share/gennodejs/ros/ros_unity_robotics/msg/_index.js, /home/medina/ros_introduction/devel/share/gennodejs/ros/ros_unity_robotics/msg/_index.js)
Linked: (/home/medina/ros_introduction/devel/.private/ros_unity_robotics/share/common-lisp/ros/ros_unity_robotics/srv/SetColor.lisp, /home/medina/ros_introduction/devel/share/common-lisp/ros/ros_unity_robotics/srv/SetColor.lisp)
Linked: (/home/medina/ros_introduction/devel/.private/ros_unity_robotics/share/common-lisp/ros/ros_unity_robotics/srv/_package_SetColor.lisp, /home/medina/ros_introduction/devel/share/common-lisp/ros/ros_unity_robotics/srv/_package_SetColor.lisp)
Linked: (/home/medina/ros_introduction/devel/.private/ros_unity_robotics/share/common-lisp/ros/ros_unity_robotics/srv/Trajectory_Planner_Robot.lisp, /home/medina/ros_introduction/devel/share/common-lisp/ros/ros_unity_robotics/srv/Trajectory_Planner_Robot.lisp)
Linked: (/home/medina/ros_introduction/devel/.private/ros_unity_robotics/share/common-lisp/ros/ros_unity_robotics/srv/trajectory_planner.lisp, /home/medina/ros_introduction/devel/share/common-lisp/ros/ros_unity_robotics/srv/trajectory_planner.lisp)
Linked: (/home/medina/ros_introduction/devel/.private/ros_unity_robotics/share/common-lisp/ros/ros_unity_robotics/srv/_package_trajectory_planner.lisp, /home/medina/ros_introduction/devel/share/common-lisp/ros/ros_unity_robotics/srv/_package_trajectory_planner.lisp)
Linked: (/home/medina/ros_introduction/devel/.private/ros_unity_robotics/share/common-lisp/ros/ros_unity_robotics/srv/_package_Trajectory_Planner_Robot.lisp, /home/medina/ros_introduction/devel/share/common-lisp/ros/ros_unity_robotics/srv/_package_Trajectory_Planner_Robot.lisp)
Linked: (/home/medina/ros_introduction/devel/.private/ros_unity_robotics/share/common-lisp/ros/ros_unity_robotics/srv/Joints_State_Panda.lisp, /home/medina/ros_introduction/devel/share/common-lisp/ros/ros_unity_robotics/srv/Joints_State_Panda.lisp)
Linked: (/home/medina/ros_introduction/devel/.private/ros_unity_robotics/share/common-lisp/ros/ros_unity_robotics/srv/_package_Joints_State_Panda.lisp, /home/medina/ros_introduction/devel/share/common-lisp/ros/ros_unity_robotics/srv/_package_Joints_State_Panda.lisp)
Linked: (/home/medina/ros_introduction/devel/.private/ros_unity_robotics/share/common-lisp/ros/ros_unity_robotics/srv/_package.lisp, /home/medina/ros_introduction/devel/share/common-lisp/ros/ros_unity_robotics/srv/_package.lisp)
Linked: (/home/medina/ros_introduction/devel/.private/ros_unity_robotics/share/common-lisp/ros/ros_unity_robotics/srv/ros_unity_robotics-srv.asd, /home/medina/ros_introduction/devel/share/common-lisp/ros/ros_unity_robotics/srv/ros_unity_robotics-srv.asd)
Linked: (/home/medina/ros_introduction/devel/.private/ros_unity_robotics/share/common-lisp/ros/ros_unity_robotics/msg/Robot_Joints.lisp, /home/medina/ros_introduction/devel/share/common-lisp/ros/ros_unity_robotics/msg/Robot_Joints.lisp)
Linked: (/home/medina/ros_introduction/devel/.private/ros_unity_robotics/share/common-lisp/ros/ros_unity_robotics/msg/_package_Robot_Joints.lisp, /home/medina/ros_introduction/devel/share/common-lisp/ros/ros_unity_robotics/msg/_package_Robot_Joints.lisp)
Linked: (/home/medina/ros_introduction/devel/.private/ros_unity_robotics/share/common-lisp/ros/ros_unity_robotics/msg/_package_Joints_Unity_Robot.lisp, /home/medina/ros_introduction/devel/share/common-lisp/ros/ros_unity_robotics/msg/_package_Joints_Unity_Robot.lisp)
Linked: (/home/medina/ros_introduction/devel/.private/ros_unity_robotics/share/common-lisp/ros/ros_unity_robotics/msg/Color_Object.lisp, /home/medina/ros_introduction/devel/share/common-lisp/ros/ros_unity_robotics/msg/Color_Object.lisp)
Linked: (/home/medina/ros_introduction/devel/.private/ros_unity_robotics/share/common-lisp/ros/ros_unity_robotics/msg/ros_unity_robotics-msg.asd, /home/medina/ros_introduction/devel/share/common-lisp/ros/ros_unity_robotics/msg/ros_unity_robotics-msg.asd)
Linked: (/home/medina/ros_introduction/devel/.private/ros_unity_robotics/share/common-lisp/ros/ros_unity_robotics/msg/Joints_Unity_Robot.lisp, /home/medina/ros_introduction/devel/share/common-lisp/ros/ros_unity_robotics/msg/Joints_Unity_Robot.lisp)
Linked: (/home/medina/ros_introduction/devel/.private/ros_unity_robotics/share/common-lisp/ros/ros_unity_robotics/msg/_package_Color_Object.lisp, /home/medina/ros_introduction/devel/share/common-lisp/ros/ros_unity_robotics/msg/_package_Color_Object.lisp)
Linked: (/home/medina/ros_introduction/devel/.private/ros_unity_robotics/share/common-lisp/ros/ros_unity_robotics/msg/_package.lisp, /home/medina/ros_introduction/devel/share/common-lisp/ros/ros_unity_robotics/msg/_package.lisp)
Linked: (/home/medina/ros_introduction/devel/.private/ros_unity_robotics/share/ros_unity_robotics/cmake/ros_unity_roboticsConfig.cmake, /home/medina/ros_introduction/devel/share/ros_unity_robotics/cmake/ros_unity_roboticsConfig.cmake)
Linked: (/home/medina/ros_introduction/devel/.private/ros_unity_robotics/share/ros_unity_robotics/cmake/ros_unity_roboticsConfig-version.cmake, /home/medina/ros_introduction/devel/share/ros_unity_robotics/cmake/ros_unity_roboticsConfig-version.cmake)
Linked: (/home/medina/ros_introduction/devel/.private/ros_unity_robotics/share/ros_unity_robotics/cmake/ros_unity_robotics-msg-paths.cmake, /home/medina/ros_introduction/devel/share/ros_unity_robotics/cmake/ros_unity_robotics-msg-paths.cmake)
Linked: (/home/medina/ros_introduction/devel/.private/ros_unity_robotics/share/ros_unity_robotics/cmake/ros_unity_robotics-msg-extras.cmake, /home/medina/ros_introduction/devel/share/ros_unity_robotics/cmake/ros_unity_robotics-msg-extras.cmake)
Linked: (/home/medina/ros_introduction/devel/.private/ros_unity_robotics/lib/python2.7/dist-packages/ros_unity_robotics/__init__.py, /home/medina/ros_introduction/devel/lib/python2.7/dist-packages/ros_unity_robotics/__init__.py)
Linked: (/home/medina/ros_introduction/devel/.private/ros_unity_robotics/lib/python2.7/dist-packages/ros_unity_robotics/srv/_trajectory_planner.py, /home/medina/ros_introduction/devel/lib/python2.7/dist-packages/ros_unity_robotics/srv/_trajectory_planner.py)
Linked: (/home/medina/ros_introduction/devel/.private/ros_unity_robotics/lib/python2.7/dist-packages/ros_unity_robotics/srv/_SetColor.py, /home/medina/ros_introduction/devel/lib/python2.7/dist-packages/ros_unity_robotics/srv/_SetColor.py)
Linked: (/home/medina/ros_introduction/devel/.private/ros_unity_robotics/lib/python2.7/dist-packages/ros_unity_robotics/srv/__init__.py, /home/medina/ros_introduction/devel/lib/python2.7/dist-packages/ros_unity_robotics/srv/__init__.py)
Linked: (/home/medina/ros_introduction/devel/.private/ros_unity_robotics/lib/python2.7/dist-packages/ros_unity_robotics/srv/_Joints_State_Panda.py, /home/medina/ros_introduction/devel/lib/python2.7/dist-packages/ros_unity_robotics/srv/_Joints_State_Panda.py)
Linked: (/home/medina/ros_introduction/devel/.private/ros_unity_robotics/lib/python2.7/dist-packages/ros_unity_robotics/srv/_Trajectory_Planner_Robot.py, /home/medina/ros_introduction/devel/lib/python2.7/dist-packages/ros_unity_robotics/srv/_Trajectory_Planner_Robot.py)
Linked: (/home/medina/ros_introduction/devel/.private/ros_unity_robotics/lib/python2.7/dist-packages/ros_unity_robotics/msg/_Robot_Joints.py, /home/medina/ros_introduction/devel/lib/python2.7/dist-packages/ros_unity_robotics/msg/_Robot_Joints.py)
Linked: (/home/medina/ros_introduction/devel/.private/ros_unity_robotics/lib/python2.7/dist-packages/ros_unity_robotics/msg/_Color_Object.py, /home/medina/ros_introduction/devel/lib/python2.7/dist-packages/ros_unity_robotics/msg/_Color_Object.py)
Linked: (/home/medina/ros_introduction/devel/.private/ros_unity_robotics/lib/python2.7/dist-packages/ros_unity_robotics/msg/_Joints_Unity_Robot.py, /home/medina/ros_introduction/devel/lib/python2.7/dist-packages/ros_unity_robotics/msg/_Joints_Unity_Robot.py)
Linked: (/home/medina/ros_introduction/devel/.private/ros_unity_robotics/lib/python2.7/dist-packages/ros_unity_robotics/msg/__init__.py, /home/medina/ros_introduction/devel/lib/python2.7/dist-packages/ros_unity_robotics/msg/__init__.py)
Linked: (/home/medina/ros_introduction/devel/.private/ros_unity_robotics/lib/pkgconfig/ros_unity_robotics.pc, /home/medina/ros_introduction/devel/lib/pkgconfig/ros_unity_robotics.pc)
Linked: (/home/medina/ros_introduction/devel/.private/ros_unity_robotics/lib/ros_unity_robotics/pos_sub, /home/medina/ros_introduction/devel/lib/ros_unity_robotics/pos_sub)
Linked: (/home/medina/ros_introduction/devel/.private/ros_unity_robotics/lib/ros_unity_robotics/set_color_service_server, /home/medina/ros_introduction/devel/lib/ros_unity_robotics/set_color_service_server)
Linked: (/home/medina/ros_introduction/devel/.private/ros_unity_robotics/lib/ros_unity_robotics/pos_pub, /home/medina/ros_introduction/devel/lib/ros_unity_robotics/pos_pub)
