[01m[K/home/medina/ros_introduction/src/moveit_tutorials/doc/interactivity/src/interactive_robot.cpp:[m[K In member function ‘[01m[Kvoid InteractiveRobot::updateAll()[m[K’:
[01m[K/home/medina/ros_introduction/src/moveit_tutorials/doc/interactivity/src/interactive_robot.cpp:235:76:[m[K [01;35m[Kwarning: [m[K‘[01m[Kbool moveit::core::RobotState::setFromIK(const moveit::core::JointModelGroup*, const Isometry3d&, unsigned int, double, const GroupStateValidityCallbackFn&, const kinematics::KinematicsQueryOptions&)[m[K’ is deprecated: The attempts argument is not supported anymore. [[01;35m[K-Wdeprecated-declarations[m[K]
   if (robot_state_->setFromIK(group_, desired_group_end_link_pose_, 10, 0.1[01;35m[K)[m[K)
                                                                            [01;35m[K^[m[K
In file included from [01m[K/home/medina/ros_introduction/src/moveit_tutorials/doc/interactivity/include/interactivity/interactive_robot.h:45:0[m[K,
                 from [01m[K/home/medina/ros_introduction/src/moveit_tutorials/doc/interactivity/src/interactive_robot.cpp:39[m[K:
[01m[K/opt/ros/melodic/include/moveit/robot_state/robot_state.h:1049:3:[m[K [01;36m[Knote: [m[Kdeclared here
   [01;36m[KsetFromIK[m[K(const JointModelGroup* group, const Eigen::Isometry3d& pose, unsigned int /*attempts*/,
   [01;36m[K^~~~~~~~~[m[K
[01m[K/home/medina/ros_introduction/src/moveit_tutorials/doc/move_group_interface/src/move_group_interface_tutorial.cpp:[m[K In function ‘[01m[Kint main(int, char**)[m[K’:
[01m[K/home/medina/ros_introduction/src/moveit_tutorials/doc/move_group_interface/src/move_group_interface_tutorial.cpp:49:45:[m[K [01;31m[Kerror: [m[Kredeclaration of ‘[01m[Kstd::vector<moveit_msgs::CollisionObject_<std::allocator<void> >, std::allocator<moveit_msgs::CollisionObject_<std::allocator<void> > > > collision_objects[m[K’
   std::vector<moveit_msgs::CollisionObject> [01;31m[Kcollision_objects[m[K;
                                             [01;31m[K^~~~~~~~~~~~~~~~~[m[K
[01m[K/home/medina/ros_introduction/src/moveit_tutorials/doc/move_group_interface/src/move_group_interface_tutorial.cpp:45:45:[m[K [01;36m[Knote: [m[K‘[01m[Kstd::vector<moveit_msgs::CollisionObject_<std::allocator<void> >, std::allocator<moveit_msgs::CollisionObject_<std::allocator<void> > > > collision_objects[m[K’ previously declared here
   std::vector<moveit_msgs::CollisionObject> [01;36m[Kcollision_objects[m[K;
                                             [01;36m[K^~~~~~~~~~~~~~~~~[m[K
make[2]: *** [doc/move_group_interface/CMakeFiles/move_group_interface_tutorial.dir/src/move_group_interface_tutorial.cpp.o] Error 1
make[1]: *** [doc/move_group_interface/CMakeFiles/move_group_interface_tutorial.dir/all] Error 2
make[1]: *** Waiting for unfinished jobs....
make: *** [all] Error 2
