[35m[1mScanning dependencies of target ros_api_tutorial[0m
[  3%] [32mBuilding CXX object doc/kinematics/CMakeFiles/ros_api_tutorial.dir/src/ros_api_tutorial.cpp.o[0m
[35m[1mScanning dependencies of target robot_model_and_robot_state_tutorial[0m
[  7%] [32mBuilding CXX object doc/robot_model_and_robot_state/CMakeFiles/robot_model_and_robot_state_tutorial.dir/src/robot_model_and_robot_state_tutorial.cpp.o[0m
[ 10%] [32m[1mLinking CXX executable /home/medina/ros_introduction/devel/.private/moveit_tutorials/lib/moveit_tutorials/ros_api_tutorial[0m
[ 14%] [32m[1mLinking CXX executable /home/medina/ros_introduction/devel/.private/moveit_tutorials/lib/moveit_tutorials/robot_model_and_robot_state_tutorial[0m
[ 14%] Built target ros_api_tutorial
[35m[1mScanning dependencies of target planning_scene_tutorial[0m
[ 17%] [32mBuilding CXX object doc/planning_scene/CMakeFiles/planning_scene_tutorial.dir/src/planning_scene_tutorial.cpp.o[0m
[ 17%] Built target robot_model_and_robot_state_tutorial
[35m[1mScanning dependencies of target planning_scene_ros_api_tutorial[0m
[ 21%] [32mBuilding CXX object doc/planning_scene_ros_api/CMakeFiles/planning_scene_ros_api_tutorial.dir/src/planning_scene_ros_api_tutorial.cpp.o[0m
[ 25%] [32m[1mLinking CXX executable /home/medina/ros_introduction/devel/.private/moveit_tutorials/lib/moveit_tutorials/planning_scene_tutorial[0m
[ 25%] Built target planning_scene_tutorial
[35m[1mScanning dependencies of target motion_planning_api_tutorial[0m
[ 28%] [32mBuilding CXX object doc/motion_planning_api/CMakeFiles/motion_planning_api_tutorial.dir/src/motion_planning_api_tutorial.cpp.o[0m
[ 32%] [32m[1mLinking CXX executable /home/medina/ros_introduction/devel/.private/moveit_tutorials/lib/moveit_tutorials/planning_scene_ros_api_tutorial[0m
[ 32%] Built target planning_scene_ros_api_tutorial
[35m[1mScanning dependencies of target motion_planning_pipeline_tutorial[0m
[ 35%] [32mBuilding CXX object doc/motion_planning_pipeline/CMakeFiles/motion_planning_pipeline_tutorial.dir/src/motion_planning_pipeline_tutorial.cpp.o[0m
[ 39%] [32m[1mLinking CXX executable /home/medina/ros_introduction/devel/.private/moveit_tutorials/lib/moveit_tutorials/motion_planning_api_tutorial[0m
[ 39%] Built target motion_planning_api_tutorial
[35m[1mScanning dependencies of target interactivity_utils[0m
[ 42%] [32mBuilding CXX object doc/interactivity/CMakeFiles/interactivity_utils.dir/src/interactive_robot.cpp.o[0m
[ 46%] [32m[1mLinking CXX executable /home/medina/ros_introduction/devel/.private/moveit_tutorials/lib/moveit_tutorials/motion_planning_pipeline_tutorial[0m
[ 46%] Built target motion_planning_pipeline_tutorial
[35m[1mScanning dependencies of target move_group_interface_tutorial[0m
[01m[K/home/medina/ros_introduction/src/moveit_tutorials/doc/interactivity/src/interactive_robot.cpp:[m[K In member function ‘[01m[Kvoid InteractiveRobot::updateAll()[m[K’:
[01m[K/home/medina/ros_introduction/src/moveit_tutorials/doc/interactivity/src/interactive_robot.cpp:235:76:[m[K [01;35m[Kwarning: [m[K‘[01m[Kbool moveit::core::RobotState::setFromIK(const moveit::core::JointModelGroup*, const Isometry3d&, unsigned int, double, const GroupStateValidityCallbackFn&, const kinematics::KinematicsQueryOptions&)[m[K’ is deprecated: The attempts argument is not supported anymore. [[01;35m[K-Wdeprecated-declarations[m[K]
   if (robot_state_->setFromIK(group_, desired_group_end_link_pose_, 10, 0.1[01;35m[K)[m[K)
                                                                            [01;35m[K^[m[K
In file included from [01m[K/home/medina/ros_introduction/src/moveit_tutorials/doc/interactivity/include/interactivity/interactive_robot.h:45:0[m[K,
                 from [01m[K/home/medina/ros_introduction/src/moveit_tutorials/doc/interactivity/src/interactive_robot.cpp:39[m[K:
[01m[K/opt/ros/melodic/include/moveit/robot_state/robot_state.h:1049:3:[m[K [01;36m[Knote: [m[Kdeclared here
   [01;36m[KsetFromIK[m[K(const JointModelGroup* group, const Eigen::Isometry3d& pose, unsigned int /*attempts*/,
   [01;36m[K^~~~~~~~~[m[K
[ 50%] [32mBuilding CXX object doc/move_group_interface/CMakeFiles/move_group_interface_tutorial.dir/src/move_group_interface_tutorial.cpp.o[0m
[ 53%] [32mBuilding CXX object doc/interactivity/CMakeFiles/interactivity_utils.dir/src/imarker.cpp.o[0m
[01m[K/home/medina/ros_introduction/src/moveit_tutorials/doc/move_group_interface/src/move_group_interface_tutorial.cpp:[m[K In function ‘[01m[Kint main(int, char**)[m[K’:
[01m[K/home/medina/ros_introduction/src/moveit_tutorials/doc/move_group_interface/src/move_group_interface_tutorial.cpp:49:45:[m[K [01;31m[Kerror: [m[Kredeclaration of ‘[01m[Kstd::vector<moveit_msgs::CollisionObject_<std::allocator<void> >, std::allocator<moveit_msgs::CollisionObject_<std::allocator<void> > > > collision_objects[m[K’
   std::vector<moveit_msgs::CollisionObject> [01;31m[Kcollision_objects[m[K;
                                             [01;31m[K^~~~~~~~~~~~~~~~~[m[K
[01m[K/home/medina/ros_introduction/src/moveit_tutorials/doc/move_group_interface/src/move_group_interface_tutorial.cpp:45:45:[m[K [01;36m[Knote: [m[K‘[01m[Kstd::vector<moveit_msgs::CollisionObject_<std::allocator<void> >, std::allocator<moveit_msgs::CollisionObject_<std::allocator<void> > > > collision_objects[m[K’ previously declared here
   std::vector<moveit_msgs::CollisionObject> [01;36m[Kcollision_objects[m[K;
                                             [01;36m[K^~~~~~~~~~~~~~~~~[m[K
[ 57%] [32mBuilding CXX object doc/interactivity/CMakeFiles/interactivity_utils.dir/src/pose_string.cpp.o[0m
doc/move_group_interface/CMakeFiles/move_group_interface_tutorial.dir/build.make:62: recipe for target 'doc/move_group_interface/CMakeFiles/move_group_interface_tutorial.dir/src/move_group_interface_tutorial.cpp.o' failed
make[2]: *** [doc/move_group_interface/CMakeFiles/move_group_interface_tutorial.dir/src/move_group_interface_tutorial.cpp.o] Error 1
CMakeFiles/Makefile2:4545: recipe for target 'doc/move_group_interface/CMakeFiles/move_group_interface_tutorial.dir/all' failed
make[1]: *** [doc/move_group_interface/CMakeFiles/move_group_interface_tutorial.dir/all] Error 2
make[1]: *** Waiting for unfinished jobs....
[ 60%] [32m[1mLinking CXX shared library /home/medina/ros_introduction/devel/.private/moveit_tutorials/lib/libinteractivity_utils.so[0m
[ 60%] Built target interactivity_utils
Makefile:140: recipe for target 'all' failed
make: *** [all] Error 2
