Determining if the pthread_create exist failed with the following output:
Change Dir: /home/medina/ros_introduction/build/ros_unity_robotics/CMakeFiles/CMakeTmp

Run Build Command:"/usr/bin/make" "cmTC_f72ba/fast"
/usr/bin/make -f CMakeFiles/cmTC_f72ba.dir/build.make CMakeFiles/cmTC_f72ba.dir/build
make[1]: Entering directory '/home/medina/ros_introduction/build/ros_unity_robotics/CMakeFiles/CMakeTmp'
Building C object CMakeFiles/cmTC_f72ba.dir/CheckSymbolExists.c.o
/usr/bin/cc    -o CMakeFiles/cmTC_f72ba.dir/CheckSymbolExists.c.o   -c /home/medina/ros_introduction/build/ros_unity_robotics/CMakeFiles/CMakeTmp/CheckSymbolExists.c
Linking C executable cmTC_f72ba
/usr/bin/cmake -E cmake_link_script CMakeFiles/cmTC_f72ba.dir/link.txt --verbose=1
/usr/bin/cc      -rdynamic CMakeFiles/cmTC_f72ba.dir/CheckSymbolExists.c.o  -o cmTC_f72ba 
CMakeFiles/cmTC_f72ba.dir/CheckSymbolExists.c.o: In function `main':
CheckSymbolExists.c:(.text+0x1b): undefined reference to `pthread_create'
collect2: error: ld returned 1 exit status
CMakeFiles/cmTC_f72ba.dir/build.make:97: recipe for target 'cmTC_f72ba' failed
make[1]: *** [cmTC_f72ba] Error 1
make[1]: Leaving directory '/home/medina/ros_introduction/build/ros_unity_robotics/CMakeFiles/CMakeTmp'
Makefile:126: recipe for target 'cmTC_f72ba/fast' failed
make: *** [cmTC_f72ba/fast] Error 2

File /home/medina/ros_introduction/build/ros_unity_robotics/CMakeFiles/CMakeTmp/CheckSymbolExists.c:
/* */
#include <pthread.h>

int main(int argc, char** argv)
{
  (void)argv;
#ifndef pthread_create
  return ((int*)(&pthread_create))[argc];
#else
  (void)argc;
  return 0;
#endif
}

Determining if the function pthread_create exists in the pthreads failed with the following output:
Change Dir: /home/medina/ros_introduction/build/ros_unity_robotics/CMakeFiles/CMakeTmp

Run Build Command:"/usr/bin/make" "cmTC_e38cf/fast"
/usr/bin/make -f CMakeFiles/cmTC_e38cf.dir/build.make CMakeFiles/cmTC_e38cf.dir/build
make[1]: Entering directory '/home/medina/ros_introduction/build/ros_unity_robotics/CMakeFiles/CMakeTmp'
Building C object CMakeFiles/cmTC_e38cf.dir/CheckFunctionExists.c.o
/usr/bin/cc   -DCHECK_FUNCTION_EXISTS=pthread_create   -o CMakeFiles/cmTC_e38cf.dir/CheckFunctionExists.c.o   -c /usr/share/cmake-3.10/Modules/CheckFunctionExists.c
Linking C executable cmTC_e38cf
/usr/bin/cmake -E cmake_link_script CMakeFiles/cmTC_e38cf.dir/link.txt --verbose=1
/usr/bin/cc  -DCHECK_FUNCTION_EXISTS=pthread_create    -rdynamic CMakeFiles/cmTC_e38cf.dir/CheckFunctionExists.c.o  -o cmTC_e38cf -lpthreads 
/usr/bin/ld: cannot find -lpthreads
collect2: error: ld returned 1 exit status
CMakeFiles/cmTC_e38cf.dir/build.make:97: recipe for target 'cmTC_e38cf' failed
make[1]: *** [cmTC_e38cf] Error 1
make[1]: Leaving directory '/home/medina/ros_introduction/build/ros_unity_robotics/CMakeFiles/CMakeTmp'
Makefile:126: recipe for target 'cmTC_e38cf/fast' failed
make: *** [cmTC_e38cf/fast] Error 2


